<?xml version="1.0" encoding="UTF-8"?>
<!-- Generated by org.testng.reporters.JUnitReportReporter -->
<testsuite hostname="LAPTOP-BMLG1JR4" failures="0" tests="2" name="Runnerfile.TestNGTestRunner" time="55.531" errors="0" timestamp="2024-01-12T00:39:35 IST" skipped="0">
  <testcase classname="Runnerfile.TestNGTestRunner" name="runScenario" time="40.545"/>
  <system-out/>
  <testcase classname="Runnerfile.TestNGTestRunner" name="runScenario" time="14.986"/>
  <system-out/>
</testsuite> <!-- Runnerfile.TestNGTestRunner -->
